Change Footprint: Cannot match pads with new footprint in component :SW1 Footprint:SW/DIP3
Change Component Designator: OldDesignator=B0 NewDesignator=B1
Change Component Designator: OldDesignator=R2 NewDesignator=R9
Change Component Designator: OldDesignator=R5 NewDesignator=R1
Change Component Designator: OldDesignator=R6 NewDesignator=R8
Change Component Designator: OldDesignator=R7 NewDesignator=R6
Change Component Designator: OldDesignator=R8 NewDesignator=R7
Added Component: Designator=R2(R 0805)
Add component (AddParameter): Name = "BRAND"; Value = ""; VariantName = "[No Variations]"
Add component (AddParameter): Name = "PACKAGE"; Value = ""; VariantName = "[No Variations]"
Add component (AddParameter): Name = "PART NO"; Value = ""; VariantName = "[No Variations]"
Add component (AddParameter): Name = "STOCK CODE"; Value = ""; VariantName = "[No Variations]"
Add component (AddParameter): Name = "SUPPLIER"; Value = ""; VariantName = "[No Variations]"
Add component (AddParameter): Name = "TYPE"; Value = ""; VariantName = "[No Variations]"
Added Component: Designator=R3(R 0805)
Add component (AddParameter): Name = "BRAND"; Value = ""; VariantName = "[No Variations]"
Add component (AddParameter): Name = "PACKAGE"; Value = ""; VariantName = "[No Variations]"
Add component (AddParameter): Name = "PART NO"; Value = ""; VariantName = "[No Variations]"
Add component (AddParameter): Name = "STOCK CODE"; Value = ""; VariantName = "[No Variations]"
Add component (AddParameter): Name = "SUPPLIER"; Value = ""; VariantName = "[No Variations]"
Add component (AddParameter): Name = "TYPE"; Value = ""; VariantName = "[No Variations]"
Added Component: Designator=R4(R 0805)
Add component (AddParameter): Name = "BRAND"; Value = ""; VariantName = "[No Variations]"
Add component (AddParameter): Name = "PACKAGE"; Value = ""; VariantName = "[No Variations]"
Add component (AddParameter): Name = "PART NO"; Value = ""; VariantName = "[No Variations]"
Add component (AddParameter): Name = "STOCK CODE"; Value = ""; VariantName = "[No Variations]"
Add component (AddParameter): Name = "SUPPLIER"; Value = ""; VariantName = "[No Variations]"
Add component (AddParameter): Name = "TYPE"; Value = ""; VariantName = "[No Variations]"
Added Component: Designator=R5(R 0805)
Add component (AddParameter): Name = "BRAND"; Value = ""; VariantName = "[No Variations]"
Add component (AddParameter): Name = "PACKAGE"; Value = ""; VariantName = "[No Variations]"
Add component (AddParameter): Name = "PART NO"; Value = ""; VariantName = "[No Variations]"
Add component (AddParameter): Name = "STOCK CODE"; Value = ""; VariantName = "[No Variations]"
Add component (AddParameter): Name = "SUPPLIER"; Value = ""; VariantName = "[No Variations]"
Add component (AddParameter): Name = "TYPE"; Value = ""; VariantName = "[No Variations]"
Added Pin To Net: NetName=+VCC Pin=R2-2
Added Pin To Net: NetName=+VCC Pin=R3-2
Added Pin To Net: NetName=+VCC Pin=R4-2
Added Pin To Net: NetName=+VCC Pin=R5-2
Added Pin To Net: NetName=GND Pin=U2-1
Added Pin To Net: NetName=GND Pin=U2-2
Added Pin To Net: NetName=GND Pin=U2-3
Change Net Name : Old Net Name=NetLCD1_3 New Net Name=VCON
Added Pin To Net: NetName=NetR6_1 Pin=R6-1
Added Net: Name=NetR6_1
Added Pin To Net: NetName=NetR7_1 Pin=R7-1
Added Net: Name=NetR7_1
Added Pin To Net: NetName=NetR8_1 Pin=R8-1
Added Net: Name=NetR8_1
Added Pin To Net: NetName=SCL1 Pin=B1-4
Added Pin To Net: NetName=SCL1 Pin=R3-1
Added Pin To Net: NetName=SCL1 Pin=U1-A5_10
Added Net: Name=SCL1
Added Pin To Net: NetName=SCL2 Pin=R5-1
Added Pin To Net: NetName=SCL2 Pin=U1-A9_7
Added Pin To Net: NetName=SCL2 Pin=U2-14
Added Net: Name=SCL2
Added Pin To Net: NetName=SDA1 Pin=B1-2
Added Pin To Net: NetName=SDA1 Pin=R2-1
Added Pin To Net: NetName=SDA1 Pin=U1-A5_9
Added Net: Name=SDA1
Added Pin To Net: NetName=SDA2 Pin=R4-1
Added Pin To Net: NetName=SDA2 Pin=U1-A9_4
Added Pin To Net: NetName=SDA2 Pin=U2-15
Added Net: Name=SDA2
Added Member To Class: ClassName=I2C_schematic Member=Component R3 4.7k
Added Member To Class: ClassName=I2C_schematic Member=Component R4 4.7k
Added Member To Class: ClassName=I2C_schematic Member=Component R5 4.7k
Added Member To Class: ClassName=I2C_schematic Member=Component R9 4.7k
