Removed Pin From Net: NetName=+VCC Pin=R4-1
Removed Pin From Net: NetName=NetLCD1_3 Pin=R4-2
Removed Pin From Net: NetName=GND Pin=U2-1
Removed Pin From Net: NetName=GND Pin=U2-2
Removed Pin From Net: NetName=GND Pin=U2-3
Removed Member From Class: ClassName=I2C_schematic Member=R4
Added Component: Designator=SW1(MST22D18G2)
Add component (AddParameter): Name = "BRAND"; Value = ""; VariantName = "[No Variations]"
Add component (AddParameter): Name = "PACKAGE"; Value = ""; VariantName = "[No Variations]"
Add component (AddParameter): Name = "PART NO"; Value = ""; VariantName = "[No Variations]"
Add component (AddParameter): Name = "STOCK CODE"; Value = ""; VariantName = "[No Variations]"
Add component (AddParameter): Name = "SUPPLIER"; Value = ""; VariantName = "[No Variations]"
Add component (AddParameter): Name = "TYPE"; Value = ""; VariantName = "[No Variations]"
Added Component: Designator=SW2(MST22D18G2)
Add component (AddParameter): Name = "BRAND"; Value = ""; VariantName = "[No Variations]"
Add component (AddParameter): Name = "PACKAGE"; Value = ""; VariantName = "[No Variations]"
Add component (AddParameter): Name = "PART NO"; Value = ""; VariantName = "[No Variations]"
Add component (AddParameter): Name = "STOCK CODE"; Value = ""; VariantName = "[No Variations]"
Add component (AddParameter): Name = "SUPPLIER"; Value = ""; VariantName = "[No Variations]"
Add component (AddParameter): Name = "TYPE"; Value = ""; VariantName = "[No Variations]"
Added Component: Designator=SW3(MST22D18G2)
Add component (AddParameter): Name = "BRAND"; Value = ""; VariantName = "[No Variations]"
Add component (AddParameter): Name = "PACKAGE"; Value = ""; VariantName = "[No Variations]"
Add component (AddParameter): Name = "PART NO"; Value = ""; VariantName = "[No Variations]"
Add component (AddParameter): Name = "STOCK CODE"; Value = ""; VariantName = "[No Variations]"
Add component (AddParameter): Name = "SUPPLIER"; Value = ""; VariantName = "[No Variations]"
Add component (AddParameter): Name = "TYPE"; Value = ""; VariantName = "[No Variations]"
Added Component: Designator=VR1(R VAR A 3D)
Add component (AddParameter): Name = "BRAND"; Value = ""; VariantName = "[No Variations]"
Add component (AddParameter): Name = "PACKAGE"; Value = ""; VariantName = "[No Variations]"
Add component (AddParameter): Name = "PART NO"; Value = ""; VariantName = "[No Variations]"
Add component (AddParameter): Name = "STOCK CODE"; Value = ""; VariantName = "[No Variations]"
Add component (AddParameter): Name = "SUPPLIER"; Value = ""; VariantName = "[No Variations]"
Add component (AddParameter): Name = "TYPE"; Value = ""; VariantName = "[No Variations]"
Added Pin To Net: NetName=+VCC Pin=SW1-1
Added Pin To Net: NetName=+VCC Pin=SW1-1
Added Pin To Net: NetName=GND Pin=SW1-3
Added Pin To Net: NetName=GND Pin=SW1-3
Added Pin To Net: NetName=+VCC Pin=SW2-1
Added Pin To Net: NetName=+VCC Pin=SW2-1
Added Pin To Net: NetName=GND Pin=SW2-3
Added Pin To Net: NetName=GND Pin=SW2-3
Added Pin To Net: NetName=+VCC Pin=SW3-1
Added Pin To Net: NetName=+VCC Pin=SW3-1
Added Pin To Net: NetName=GND Pin=SW3-3
Added Pin To Net: NetName=GND Pin=SW3-3
Added Pin To Net: NetName=+VCC Pin=VR1-1
Added Pin To Net: NetName=NetLCD1_3 Pin=VR1-2
Added Pin To Net: NetName=GND Pin=VR1-3
Added Pin To Net: NetName=A0 Pin=SW1-2
Added Pin To Net: NetName=A0 Pin=SW1-2
Added Pin To Net: NetName=A0 Pin=U2-1
Added Net: Name=A0
Added Pin To Net: NetName=A1 Pin=SW2-2
Added Pin To Net: NetName=A1 Pin=SW2-2
Added Pin To Net: NetName=A1 Pin=U2-2
Added Net: Name=A1
Added Pin To Net: NetName=A2 Pin=SW3-2
Added Pin To Net: NetName=A2 Pin=SW3-2
Added Pin To Net: NetName=A2 Pin=U2-3
Added Net: Name=A2
Added Member To Class: ClassName=I2C_schematic Member=Component SW1 SW 22D18G2
Added Member To Class: ClassName=I2C_schematic Member=Component SW2 SW 22D18G2
Added Member To Class: ClassName=I2C_schematic Member=Component SW3 SW 22D18G2
Added Member To Class: ClassName=I2C_schematic Member=Component VR1 10K
