Removed Pin From Net: NetName=+VCC Pin=SW1-1
Removed Pin From Net: NetName=+VCC Pin=SW1-1
Removed Pin From Net: NetName=A0 Pin=SW1-2
Removed Pin From Net: NetName=A0 Pin=SW1-2
Removed Pin From Net: NetName=+VCC Pin=SW2-1
Removed Pin From Net: NetName=+VCC Pin=SW2-1
Removed Pin From Net: NetName=A1 Pin=SW2-2
Removed Pin From Net: NetName=A1 Pin=SW2-2
Removed Pin From Net: NetName=GND Pin=SW2-3
Removed Pin From Net: NetName=GND Pin=SW2-3
Removed Pin From Net: NetName=+VCC Pin=SW3-1
Removed Pin From Net: NetName=+VCC Pin=SW3-1
Removed Pin From Net: NetName=A2 Pin=SW3-2
Removed Pin From Net: NetName=A2 Pin=SW3-2
Removed Pin From Net: NetName=GND Pin=SW3-3
Removed Pin From Net: NetName=GND Pin=SW3-3
Removed Member From Class: ClassName=I2C_schematic Member=SW2
Removed Member From Class: ClassName=I2C_schematic Member=SW3
Change Footprint: Cannot match pads with new footprint in component :SW1 Footprint:SW/DIP3
Change Component Comment : Designator=SW1 Old Comment=SW 22D18G2 New Comment=SW DIP-3
Added Component: Designator=R6(R 0805)
Add component (AddParameter): Name = "BRAND"; Value = ""; VariantName = "[No Variations]"
Add component (AddParameter): Name = "PACKAGE"; Value = ""; VariantName = "[No Variations]"
Add component (AddParameter): Name = "PART NO"; Value = ""; VariantName = "[No Variations]"
Add component (AddParameter): Name = "STOCK CODE"; Value = ""; VariantName = "[No Variations]"
Add component (AddParameter): Name = "SUPPLIER"; Value = ""; VariantName = "[No Variations]"
Add component (AddParameter): Name = "TYPE"; Value = ""; VariantName = "[No Variations]"
Added Component: Designator=R7(R 0805)
Add component (AddParameter): Name = "BRAND"; Value = ""; VariantName = "[No Variations]"
Add component (AddParameter): Name = "PACKAGE"; Value = ""; VariantName = "[No Variations]"
Add component (AddParameter): Name = "PART NO"; Value = ""; VariantName = "[No Variations]"
Add component (AddParameter): Name = "STOCK CODE"; Value = ""; VariantName = "[No Variations]"
Add component (AddParameter): Name = "SUPPLIER"; Value = ""; VariantName = "[No Variations]"
Add component (AddParameter): Name = "TYPE"; Value = ""; VariantName = "[No Variations]"
Added Component: Designator=R8(R 0805)
Add component (AddParameter): Name = "BRAND"; Value = ""; VariantName = "[No Variations]"
Add component (AddParameter): Name = "PACKAGE"; Value = ""; VariantName = "[No Variations]"
Add component (AddParameter): Name = "PART NO"; Value = ""; VariantName = "[No Variations]"
Add component (AddParameter): Name = "STOCK CODE"; Value = ""; VariantName = "[No Variations]"
Add component (AddParameter): Name = "SUPPLIER"; Value = ""; VariantName = "[No Variations]"
Add component (AddParameter): Name = "TYPE"; Value = ""; VariantName = "[No Variations]"
Added Pin To Net: NetName=A0 Pin=R6-1
Added Pin To Net: NetName=+VCC Pin=R6-2
Added Pin To Net: NetName=A1 Pin=R7-1
Added Pin To Net: NetName=+VCC Pin=R7-2
Added Pin To Net: NetName=A2 Pin=R8-1
Added Pin To Net: NetName=+VCC Pin=R8-2
Added Pin To Net: NetName=GND Pin=SW1-1
Added Pin To Net: NetName=GND Pin=SW1-1
Added Pin To Net: NetName=GND Pin=SW1-2
Added Pin To Net: NetName=GND Pin=SW1-2
Add Pin To Net: Unknown Pin: Pin SW1-4
Add Pin To Net: Unknown Pin: Pin SW1-5
Add Pin To Net: Unknown Pin: Pin SW1-6
Added Member To Class: ClassName=I2C_schematic Member=Component R6 1k
Added Member To Class: ClassName=I2C_schematic Member=Component R7 1k
Added Member To Class: ClassName=I2C_schematic Member=Component R8 1k
