Added Component: Designator=B0(SEN18364)
Add component (AddParameter): Name = "Arrow Part Number"; Value = ""; VariantName = "[No Variations]"
Add component (AddParameter): Name = "Arrow Price/Stock"; Value = ""; VariantName = "[No Variations]"
Add component (AddParameter): Name = "Datasheet Link"; Value = "https://cdn.sparkfun.com/assets/8/a/1/5/0/DHT20.pdf"; VariantName = "[No Variations]"
Add component (AddParameter): Name = "Geometry.Height"; Value = "16.3mm"; VariantName = "[No Variations]"
Add component (AddParameter): Name = "Manufacturer_Name"; Value = "SparkFun"; VariantName = "[No Variations]"
Add component (AddParameter): Name = "Manufacturer_Part_Number"; Value = "SEN-18364"; VariantName = "[No Variations]"
Add component (AddParameter): Name = "Mouser Part Number"; Value = "474-SEN-18364"; VariantName = "[No Variations]"
Add component (AddParameter): Name = "Mouser Price/Stock"; Value = "https://www.mouser.co.uk/ProductDetail/SparkFun/SEN-18364?qs=QNEnbhJQKvbVltiDzPDFyg%3D%3D"; VariantName = "[No Variations]"
Added Component: Designator=Q1(SOT-23)
Add component (AddParameter): Name = "BRAND"; Value = ""; VariantName = "[No Variations]"
Add component (AddParameter): Name = "PACKAGE"; Value = ""; VariantName = "[No Variations]"
Add component (AddParameter): Name = "PART NO"; Value = ""; VariantName = "[No Variations]"
Add component (AddParameter): Name = "STOCK CODE"; Value = ""; VariantName = "[No Variations]"
Add component (AddParameter): Name = "SUPPLIER"; Value = ""; VariantName = "[No Variations]"
Add component (AddParameter): Name = "TYPE"; Value = ""; VariantName = "[No Variations]"
Added Component: Designator=R1(R 0805)
Add component (AddParameter): Name = "BRAND"; Value = ""; VariantName = "[No Variations]"
Add component (AddParameter): Name = "PACKAGE"; Value = ""; VariantName = "[No Variations]"
Add component (AddParameter): Name = "PART NO"; Value = ""; VariantName = "[No Variations]"
Add component (AddParameter): Name = "STOCK CODE"; Value = ""; VariantName = "[No Variations]"
Add component (AddParameter): Name = "SUPPLIER"; Value = ""; VariantName = "[No Variations]"
Add component (AddParameter): Name = "TYPE"; Value = ""; VariantName = "[No Variations]"
Added Component: Designator=R2(R 0805)
Add component (AddParameter): Name = "BRAND"; Value = ""; VariantName = "[No Variations]"
Add component (AddParameter): Name = "PACKAGE"; Value = ""; VariantName = "[No Variations]"
Add component (AddParameter): Name = "PART NO"; Value = ""; VariantName = "[No Variations]"
Add component (AddParameter): Name = "STOCK CODE"; Value = ""; VariantName = "[No Variations]"
Add component (AddParameter): Name = "SUPPLIER"; Value = ""; VariantName = "[No Variations]"
Add component (AddParameter): Name = "TYPE"; Value = ""; VariantName = "[No Variations]"
Added Component: Designator=R3(R 0805)
Add component (AddParameter): Name = "BRAND"; Value = ""; VariantName = "[No Variations]"
Add component (AddParameter): Name = "PACKAGE"; Value = ""; VariantName = "[No Variations]"
Add component (AddParameter): Name = "PART NO"; Value = ""; VariantName = "[No Variations]"
Add component (AddParameter): Name = "STOCK CODE"; Value = ""; VariantName = "[No Variations]"
Add component (AddParameter): Name = "SUPPLIER"; Value = ""; VariantName = "[No Variations]"
Add component (AddParameter): Name = "TYPE"; Value = ""; VariantName = "[No Variations]"
Added Pin To Net: NetName=+VCC Pin=B0-1
Added Pin To Net: NetName=+VCC Pin=LCD1-15
Added Pin To Net: NetName=+VCC Pin=R1-2
Added Pin To Net: NetName=+VCC Pin=R2-1
Added Pin To Net: NetName=+VCC Pin=R3-2
Added Pin To Net: NetName=+VCC Pin=U1-A6_5
Added Pin To Net: NetName=+VCC Pin=U2-16
Added Net: Name=+VCC
Added Pin To Net: NetName=data0 Pin=LCD1-7
Added Pin To Net: NetName=data0 Pin=U2-4
Added Net: Name=data0
Added Pin To Net: NetName=data1 Pin=LCD1-8
Added Pin To Net: NetName=data1 Pin=U2-5
Added Net: Name=data1
Added Pin To Net: NetName=data2 Pin=LCD1-9
Added Pin To Net: NetName=data2 Pin=U2-6
Added Net: Name=data2
Added Pin To Net: NetName=data3 Pin=LCD1-10
Added Pin To Net: NetName=data3 Pin=U2-7
Added Net: Name=data3
Added Pin To Net: NetName=data4 Pin=LCD1-11
Added Pin To Net: NetName=data4 Pin=U2-9
Added Net: Name=data4
Added Pin To Net: NetName=data5 Pin=LCD1-12
Added Pin To Net: NetName=data5 Pin=U2-10
Added Net: Name=data5
Added Pin To Net: NetName=data6 Pin=LCD1-13
Added Pin To Net: NetName=data6 Pin=U2-11
Added Net: Name=data6
Added Pin To Net: NetName=data7 Pin=LCD1-14
Added Pin To Net: NetName=data7 Pin=U2-12
Added Net: Name=data7
Added Pin To Net: NetName=GND Pin=B0-3
Added Pin To Net: NetName=GND Pin=Q1-2
Added Pin To Net: NetName=GND Pin=U1-A6_6
Added Pin To Net: NetName=GND Pin=U2-8
Added Net: Name=GND
Added Pin To Net: NetName=NetLCD1_16 Pin=LCD1-16
Added Pin To Net: NetName=NetLCD1_16 Pin=Q1-3
Added Net: Name=NetLCD1_16
Added Pin To Net: NetName=NetQ1_1 Pin=Q1-1
Added Pin To Net: NetName=NetQ1_1 Pin=R2-2
Added Net: Name=NetQ1_1
Added Pin To Net: NetName=PB6_SCL Pin=B0-4
Added Pin To Net: NetName=PB6_SCL Pin=R1-1
Added Pin To Net: NetName=PB6_SCL Pin=U1-A5_3
Added Pin To Net: NetName=PB6_SCL Pin=U2-14
Added Net: Name=PB6_SCL
Added Pin To Net: NetName=PB7_SDA Pin=B0-2
Added Pin To Net: NetName=PB7_SDA Pin=R3-1
Added Pin To Net: NetName=PB7_SDA Pin=U1-A5_2
Added Pin To Net: NetName=PB7_SDA Pin=U2-15
Added Net: Name=PB7_SDA
Added Member To Class: ClassName=I2C_schematic Member=Component B0 SEN-18364
Added Member To Class: ClassName=I2C_schematic Member=Component Q1 Transistor NPN
Added Member To Class: ClassName=I2C_schematic Member=Component R1 5k
Added Member To Class: ClassName=I2C_schematic Member=Component R2 4.7k
Added Member To Class: ClassName=I2C_schematic Member=Component R3 R
