Removed Pin From Net: NetName=GND Pin=LCD1-1
Removed Pin From Net: NetName=+VCC Pin=LCD1-2
Removed Pin From Net: NetName=VCON Pin=LCD1-3
Removed Pin From Net: NetName=RS Pin=LCD1-4
Removed Pin From Net: NetName=RD Pin=LCD1-5
Removed Pin From Net: NetName=EN Pin=LCD1-6
Removed Pin From Net: NetName=GND Pin=LCD1-7
Removed Pin From Net: NetName=GND Pin=LCD1-8
Removed Pin From Net: NetName=GND Pin=LCD1-9
Removed Pin From Net: NetName=GND Pin=LCD1-10
Removed Pin From Net: NetName=data4 Pin=LCD1-11
Removed Pin From Net: NetName=data5 Pin=LCD1-12
Removed Pin From Net: NetName=data6 Pin=LCD1-13
Removed Pin From Net: NetName=data7 Pin=LCD1-14
Removed Pin From Net: NetName=+VCC Pin=LCD1-15
Removed Pin From Net: NetName=NetLCD1_16 Pin=LCD1-16
Change Component Comment : Designator=P1_I2C Old Comment=Header 4 New Comment=
Added Component: Designator=LCD1(LCD 1602B)
Add component (AddParameter): Name = "BRAND"; Value = ""; VariantName = "[No Variations]"
Add component (AddParameter): Name = "PACKAGE"; Value = ""; VariantName = "[No Variations]"
Add component (AddParameter): Name = "PART NO"; Value = ""; VariantName = "[No Variations]"
Add component (AddParameter): Name = "STOCK CODE"; Value = ""; VariantName = "[No Variations]"
Add component (AddParameter): Name = "SUPPLIER"; Value = ""; VariantName = "[No Variations]"
Add component (AddParameter): Name = "TYPE"; Value = ""; VariantName = "[No Variations]"
Added Pin To Net: NetName=GND Pin=LCD1-1
Added Pin To Net: NetName=+VCC Pin=LCD1-2
Added Pin To Net: NetName=VCON Pin=LCD1-3
Added Pin To Net: NetName=RS Pin=LCD1-4
Added Pin To Net: NetName=RD Pin=LCD1-5
Added Pin To Net: NetName=EN Pin=LCD1-6
Added Pin To Net: NetName=GND Pin=LCD1-7
Added Pin To Net: NetName=GND Pin=LCD1-8
Added Pin To Net: NetName=GND Pin=LCD1-9
Added Pin To Net: NetName=GND Pin=LCD1-10
Added Pin To Net: NetName=data4 Pin=LCD1-11
Added Pin To Net: NetName=data5 Pin=LCD1-12
Added Pin To Net: NetName=data6 Pin=LCD1-13
Added Pin To Net: NetName=data7 Pin=LCD1-14
Added Pin To Net: NetName=+VCC Pin=LCD1-15
Added Pin To Net: NetName=NetLCD1_16 Pin=LCD1-16
Added Member To Class: ClassName=I2C_schematic Member=Component R7 1k
