Added Component: Designator=B1(SEN18364)
Add component (AddParameter): Name = "Arrow Part Number"; Value = ""; VariantName = "[No Variations]"
Add component (AddParameter): Name = "Arrow Price/Stock"; Value = ""; VariantName = "[No Variations]"
Add component (AddParameter): Name = "Datasheet Link"; Value = "https://cdn.sparkfun.com/assets/8/a/1/5/0/DHT20.pdf"; VariantName = "[No Variations]"
Add component (AddParameter): Name = "Geometry.Height"; Value = "16.3mm"; VariantName = "[No Variations]"
Add component (AddParameter): Name = "Manufacturer_Name"; Value = "SparkFun"; VariantName = "[No Variations]"
Add component (AddParameter): Name = "Manufacturer_Part_Number"; Value = "SEN-18364"; VariantName = "[No Variations]"
Add component (AddParameter): Name = "Mouser Part Number"; Value = "474-SEN-18364"; VariantName = "[No Variations]"
Add component (AddParameter): Name = "Mouser Price/Stock"; Value = "https://www.mouser.co.uk/ProductDetail/SparkFun/SEN-18364?qs=QNEnbhJQKvbVltiDzPDFyg%3D%3D"; VariantName = "[No Variations]"
Added Component: Designator=D1(LED 10MM - RED)
Add component (AddParameter): Name = "BRAND"; Value = ""; VariantName = "[No Variations]"
Add component (AddParameter): Name = "PACKAGE"; Value = ""; VariantName = "[No Variations]"
Add component (AddParameter): Name = "PART NO"; Value = ""; VariantName = "[No Variations]"
Add component (AddParameter): Name = "STOCK CODE"; Value = ""; VariantName = "[No Variations]"
Add component (AddParameter): Name = "SUPPLIER"; Value = ""; VariantName = "[No Variations]"
Add component (AddParameter): Name = "TYPE"; Value = ""; VariantName = "[No Variations]"
Added Component: Designator=LCD1(LCD 16x2)
Add component (AddParameter): Name = "BRAND"; Value = ""; VariantName = "[No Variations]"
Add component (AddParameter): Name = "PACKAGE"; Value = ""; VariantName = "[No Variations]"
Add component (AddParameter): Name = "PART NO"; Value = ""; VariantName = "[No Variations]"
Add component (AddParameter): Name = "STOCK CODE"; Value = ""; VariantName = "[No Variations]"
Add component (AddParameter): Name = "SUPPLIER"; Value = ""; VariantName = "[No Variations]"
Add component (AddParameter): Name = "TYPE"; Value = ""; VariantName = "[No Variations]"
Added Component: Designator=Q1(SOT-23)
Add component (AddParameter): Name = "BRAND"; Value = ""; VariantName = "[No Variations]"
Add component (AddParameter): Name = "PACKAGE"; Value = ""; VariantName = "[No Variations]"
Add component (AddParameter): Name = "PART NO"; Value = ""; VariantName = "[No Variations]"
Add component (AddParameter): Name = "STOCK CODE"; Value = ""; VariantName = "[No Variations]"
Add component (AddParameter): Name = "SUPPLIER"; Value = ""; VariantName = "[No Variations]"
Add component (AddParameter): Name = "TYPE"; Value = ""; VariantName = "[No Variations]"
Added Component: Designator=R1(R 0805)
Add component (AddParameter): Name = "BRAND"; Value = ""; VariantName = "[No Variations]"
Add component (AddParameter): Name = "PACKAGE"; Value = ""; VariantName = "[No Variations]"
Add component (AddParameter): Name = "PART NO"; Value = ""; VariantName = "[No Variations]"
Add component (AddParameter): Name = "STOCK CODE"; Value = ""; VariantName = "[No Variations]"
Add component (AddParameter): Name = "SUPPLIER"; Value = ""; VariantName = "[No Variations]"
Add component (AddParameter): Name = "TYPE"; Value = ""; VariantName = "[No Variations]"
Added Component: Designator=R2(R 0805)
Add component (AddParameter): Name = "BRAND"; Value = ""; VariantName = "[No Variations]"
Add component (AddParameter): Name = "PACKAGE"; Value = ""; VariantName = "[No Variations]"
Add component (AddParameter): Name = "PART NO"; Value = ""; VariantName = "[No Variations]"
Add component (AddParameter): Name = "STOCK CODE"; Value = ""; VariantName = "[No Variations]"
Add component (AddParameter): Name = "SUPPLIER"; Value = ""; VariantName = "[No Variations]"
Add component (AddParameter): Name = "TYPE"; Value = ""; VariantName = "[No Variations]"
Added Component: Designator=R3(R 0805)
Add component (AddParameter): Name = "BRAND"; Value = ""; VariantName = "[No Variations]"
Add component (AddParameter): Name = "PACKAGE"; Value = ""; VariantName = "[No Variations]"
Add component (AddParameter): Name = "PART NO"; Value = ""; VariantName = "[No Variations]"
Add component (AddParameter): Name = "STOCK CODE"; Value = ""; VariantName = "[No Variations]"
Add component (AddParameter): Name = "SUPPLIER"; Value = ""; VariantName = "[No Variations]"
Add component (AddParameter): Name = "TYPE"; Value = ""; VariantName = "[No Variations]"
Added Component: Designator=R4(R 0805)
Add component (AddParameter): Name = "BRAND"; Value = ""; VariantName = "[No Variations]"
Add component (AddParameter): Name = "PACKAGE"; Value = ""; VariantName = "[No Variations]"
Add component (AddParameter): Name = "PART NO"; Value = ""; VariantName = "[No Variations]"
Add component (AddParameter): Name = "STOCK CODE"; Value = ""; VariantName = "[No Variations]"
Add component (AddParameter): Name = "SUPPLIER"; Value = ""; VariantName = "[No Variations]"
Add component (AddParameter): Name = "TYPE"; Value = ""; VariantName = "[No Variations]"
Added Component: Designator=R5(R 0805)
Add component (AddParameter): Name = "BRAND"; Value = ""; VariantName = "[No Variations]"
Add component (AddParameter): Name = "PACKAGE"; Value = ""; VariantName = "[No Variations]"
Add component (AddParameter): Name = "PART NO"; Value = ""; VariantName = "[No Variations]"
Add component (AddParameter): Name = "STOCK CODE"; Value = ""; VariantName = "[No Variations]"
Add component (AddParameter): Name = "SUPPLIER"; Value = ""; VariantName = "[No Variations]"
Add component (AddParameter): Name = "TYPE"; Value = ""; VariantName = "[No Variations]"
Added Component: Designator=R6(R 0805)
Add component (AddParameter): Name = "BRAND"; Value = ""; VariantName = "[No Variations]"
Add component (AddParameter): Name = "PACKAGE"; Value = ""; VariantName = "[No Variations]"
Add component (AddParameter): Name = "PART NO"; Value = ""; VariantName = "[No Variations]"
Add component (AddParameter): Name = "STOCK CODE"; Value = ""; VariantName = "[No Variations]"
Add component (AddParameter): Name = "SUPPLIER"; Value = ""; VariantName = "[No Variations]"
Add component (AddParameter): Name = "TYPE"; Value = ""; VariantName = "[No Variations]"
Added Component: Designator=R7(R 0805)
Add component (AddParameter): Name = "BRAND"; Value = ""; VariantName = "[No Variations]"
Add component (AddParameter): Name = "PACKAGE"; Value = ""; VariantName = "[No Variations]"
Add component (AddParameter): Name = "PART NO"; Value = ""; VariantName = "[No Variations]"
Add component (AddParameter): Name = "STOCK CODE"; Value = ""; VariantName = "[No Variations]"
Add component (AddParameter): Name = "SUPPLIER"; Value = ""; VariantName = "[No Variations]"
Add component (AddParameter): Name = "TYPE"; Value = ""; VariantName = "[No Variations]"
Added Component: Designator=R8(R 0805)
Add component (AddParameter): Name = "BRAND"; Value = ""; VariantName = "[No Variations]"
Add component (AddParameter): Name = "PACKAGE"; Value = ""; VariantName = "[No Variations]"
Add component (AddParameter): Name = "PART NO"; Value = ""; VariantName = "[No Variations]"
Add component (AddParameter): Name = "STOCK CODE"; Value = ""; VariantName = "[No Variations]"
Add component (AddParameter): Name = "SUPPLIER"; Value = ""; VariantName = "[No Variations]"
Add component (AddParameter): Name = "TYPE"; Value = ""; VariantName = "[No Variations]"
Added Component: Designator=R9(R 0805)
Add component (AddParameter): Name = "BRAND"; Value = ""; VariantName = "[No Variations]"
Add component (AddParameter): Name = "PACKAGE"; Value = ""; VariantName = "[No Variations]"
Add component (AddParameter): Name = "PART NO"; Value = ""; VariantName = "[No Variations]"
Add component (AddParameter): Name = "STOCK CODE"; Value = ""; VariantName = "[No Variations]"
Add component (AddParameter): Name = "SUPPLIER"; Value = ""; VariantName = "[No Variations]"
Add component (AddParameter): Name = "TYPE"; Value = ""; VariantName = "[No Variations]"
Added Component: Designator=SW1(SW/DIP3)
Add component (AddParameter): Name = "BRAND"; Value = ""; VariantName = "[No Variations]"
Add component (AddParameter): Name = "PACKAGE"; Value = ""; VariantName = "[No Variations]"
Add component (AddParameter): Name = "PART NO"; Value = ""; VariantName = "[No Variations]"
Add component (AddParameter): Name = "STOCK CODE"; Value = ""; VariantName = "[No Variations]"
Add component (AddParameter): Name = "SUPPLIER"; Value = ""; VariantName = "[No Variations]"
Add component (AddParameter): Name = "TYPE"; Value = ""; VariantName = "[No Variations]"
Added Component: Designator=U1(NUCLEO)
Add component (AddParameter): Name = "BRAND"; Value = "STMicroelectronics"; VariantName = "[No Variations]"
Add component (AddParameter): Name = "Manufacturer"; Value = "STMicroelectronics"; VariantName = "[No Variations]"
Add component (AddParameter): Name = "Manufacturer Product Number"; Value = "NUCLEO-F103RB"; VariantName = "[No Variations]"
Add component (AddParameter): Name = "PART NO"; Value = "NUCLEO-F103RB"; VariantName = "[No Variations]"
Add component (AddParameter): Name = "STOCK CODE"; Value = "497-14362-ND"; VariantName = "[No Variations]"
Add component (AddParameter): Name = "SUPPLIER"; Value = "digi-key"; VariantName = "[No Variations]"
Add component (AddParameter): Name = "TYPE"; Value = "EVAL BRD"; VariantName = "[No Variations]"
Added Component: Designator=U2(SO16/PCF8574AT)
Add component (AddParameter): Name = "BRAND"; Value = "NXP"; VariantName = "[No Variations]"
Add component (AddParameter): Name = "PACKAGE"; Value = "SO16"; VariantName = "[No Variations]"
Add component (AddParameter): Name = "PART NO"; Value = "PCF8574AT/3"; VariantName = "[No Variations]"
Add component (AddParameter): Name = "STOCK CODE"; Value = ""; VariantName = "[No Variations]"
Add component (AddParameter): Name = "SUPPLIER"; Value = ""; VariantName = "[No Variations]"
Add component (AddParameter): Name = "TYPE"; Value = "SMD"; VariantName = "[No Variations]"
Added Component: Designator=VR1(R VAR A 3D)
Add component (AddParameter): Name = "BRAND"; Value = ""; VariantName = "[No Variations]"
Add component (AddParameter): Name = "PACKAGE"; Value = ""; VariantName = "[No Variations]"
Add component (AddParameter): Name = "PART NO"; Value = ""; VariantName = "[No Variations]"
Add component (AddParameter): Name = "STOCK CODE"; Value = ""; VariantName = "[No Variations]"
Add component (AddParameter): Name = "SUPPLIER"; Value = ""; VariantName = "[No Variations]"
Add component (AddParameter): Name = "TYPE"; Value = ""; VariantName = "[No Variations]"
Added Pin To Net: NetName=+VCC Pin=B1-1
Added Pin To Net: NetName=+VCC Pin=LCD1-1
Added Pin To Net: NetName=+VCC Pin=LCD1-15
Added Pin To Net: NetName=+VCC Pin=R1-2
Added Pin To Net: NetName=+VCC Pin=R2-2
Added Pin To Net: NetName=+VCC Pin=R3-2
Added Pin To Net: NetName=+VCC Pin=R4-2
Added Pin To Net: NetName=+VCC Pin=R5-2
Added Pin To Net: NetName=+VCC Pin=R6-2
Added Pin To Net: NetName=+VCC Pin=R7-2
Added Pin To Net: NetName=+VCC Pin=R8-2
Added Pin To Net: NetName=+VCC Pin=R9-1
Added Pin To Net: NetName=+VCC Pin=U1-A6_5
Added Pin To Net: NetName=+VCC Pin=U2-16
Added Pin To Net: NetName=+VCC Pin=VR1-1
Added Net: Name=+VCC
Added Pin To Net: NetName=data4 Pin=LCD1-11
Added Pin To Net: NetName=data4 Pin=U2-9
Added Net: Name=data4
Added Pin To Net: NetName=data5 Pin=LCD1-12
Added Pin To Net: NetName=data5 Pin=U2-10
Added Net: Name=data5
Added Pin To Net: NetName=data6 Pin=LCD1-13
Added Pin To Net: NetName=data6 Pin=U2-11
Added Net: Name=data6
Added Pin To Net: NetName=data7 Pin=LCD1-14
Added Pin To Net: NetName=data7 Pin=U2-12
Added Net: Name=data7
Added Pin To Net: NetName=EN Pin=LCD1-6
Added Pin To Net: NetName=EN Pin=U2-6
Added Net: Name=EN
Added Pin To Net: NetName=GND Pin=B1-3
Added Pin To Net: NetName=GND Pin=D1-2
Added Pin To Net: NetName=GND Pin=LCD1-2
Added Pin To Net: NetName=GND Pin=LCD1-7
Added Pin To Net: NetName=GND Pin=LCD1-8
Added Pin To Net: NetName=GND Pin=LCD1-9
Added Pin To Net: NetName=GND Pin=LCD1-10
Added Pin To Net: NetName=GND Pin=Q1-2
Added Pin To Net: NetName=GND Pin=SW1-1
Added Pin To Net: NetName=GND Pin=SW1-2
Added Pin To Net: NetName=GND Pin=SW1-3
Added Pin To Net: NetName=GND Pin=U1-A6_6
Added Pin To Net: NetName=GND Pin=U2-1
Added Pin To Net: NetName=GND Pin=U2-2
Added Pin To Net: NetName=GND Pin=U2-3
Added Pin To Net: NetName=GND Pin=U2-8
Added Pin To Net: NetName=GND Pin=VR1-3
Added Net: Name=GND
Added Pin To Net: NetName=LED_LCD Pin=Q1-1
Added Pin To Net: NetName=LED_LCD Pin=R9-2
Added Pin To Net: NetName=LED_LCD Pin=U2-7
Added Net: Name=LED_LCD
Added Pin To Net: NetName=NetD1_1 Pin=D1-1
Added Pin To Net: NetName=NetD1_1 Pin=R1-1
Added Net: Name=NetD1_1
Added Pin To Net: NetName=NetLCD1_16 Pin=LCD1-16
Added Pin To Net: NetName=NetLCD1_16 Pin=Q1-3
Added Net: Name=NetLCD1_16
Added Pin To Net: NetName=NetR6_1 Pin=R6-1
Added Pin To Net: NetName=NetR6_1 Pin=SW1-5
Added Net: Name=NetR6_1
Added Pin To Net: NetName=NetR7_1 Pin=R7-1
Added Pin To Net: NetName=NetR7_1 Pin=SW1-4
Added Net: Name=NetR7_1
Added Pin To Net: NetName=NetR8_1 Pin=R8-1
Added Pin To Net: NetName=NetR8_1 Pin=SW1-6
Added Net: Name=NetR8_1
Added Pin To Net: NetName=RD Pin=LCD1-5
Added Pin To Net: NetName=RD Pin=U2-5
Added Net: Name=RD
Added Pin To Net: NetName=RS Pin=LCD1-4
Added Pin To Net: NetName=RS Pin=U2-4
Added Net: Name=RS
Added Pin To Net: NetName=SCL1 Pin=B1-4
Added Pin To Net: NetName=SCL1 Pin=R3-1
Added Pin To Net: NetName=SCL1 Pin=U1-A5_10
Added Net: Name=SCL1
Added Pin To Net: NetName=SCL2 Pin=R5-1
Added Pin To Net: NetName=SCL2 Pin=U1-A9_7
Added Pin To Net: NetName=SCL2 Pin=U2-14
Added Net: Name=SCL2
Added Pin To Net: NetName=SDA1 Pin=B1-2
Added Pin To Net: NetName=SDA1 Pin=R2-1
Added Pin To Net: NetName=SDA1 Pin=U1-A5_9
Added Net: Name=SDA1
Added Pin To Net: NetName=SDA2 Pin=R4-1
Added Pin To Net: NetName=SDA2 Pin=U1-A9_4
Added Pin To Net: NetName=SDA2 Pin=U2-15
Added Net: Name=SDA2
Added Pin To Net: NetName=VCON Pin=LCD1-3
Added Pin To Net: NetName=VCON Pin=VR1-2
Added Net: Name=VCON
Added Class: Name=I2C_schematic
