Removed Pin From Net: NetName=+VCC Pin=R4-2
Removed Pin From Net: NetName=+VCC Pin=R5-2
Removed Member From Class: ClassName=I2C_schematic Member=R4
Removed Member From Class: ClassName=I2C_schematic Member=R5
Added Component: Designator=P1(HDR/Header/4/BOX/SMD)
Add component (AddParameter): Name = "BRAND"; Value = ""; VariantName = "[No Variations]"
Add component (AddParameter): Name = "PACKAGE"; Value = ""; VariantName = "[No Variations]"
Add component (AddParameter): Name = "PART NO"; Value = ""; VariantName = "[No Variations]"
Add component (AddParameter): Name = "STOCK CODE"; Value = ""; VariantName = "[No Variations]"
Add component (AddParameter): Name = "SUPPLIER"; Value = ""; VariantName = "[No Variations]"
Add component (AddParameter): Name = "TYPE"; Value = ""; VariantName = "[No Variations]"
Added Component: Designator=P2(HDR/Header/4/BOX/SMD)
Add component (AddParameter): Name = "BRAND"; Value = ""; VariantName = "[No Variations]"
Add component (AddParameter): Name = "PACKAGE"; Value = ""; VariantName = "[No Variations]"
Add component (AddParameter): Name = "PART NO"; Value = ""; VariantName = "[No Variations]"
Add component (AddParameter): Name = "STOCK CODE"; Value = ""; VariantName = "[No Variations]"
Add component (AddParameter): Name = "SUPPLIER"; Value = ""; VariantName = "[No Variations]"
Add component (AddParameter): Name = "TYPE"; Value = ""; VariantName = "[No Variations]"
Added Pin To Net: NetName=+VCC Pin=P1-1
Added Pin To Net: NetName=SDA1 Pin=P1-2
Added Pin To Net: NetName=GND Pin=P1-3
Added Pin To Net: NetName=SCL1 Pin=P1-4
Added Pin To Net: NetName=+VCC Pin=P2-1
Added Pin To Net: NetName=SDA1 Pin=P2-2
Added Pin To Net: NetName=GND Pin=P2-3
Added Pin To Net: NetName=SCL1 Pin=P2-4
Added Pin To Net: NetName=SCL1 Pin=U2-14
Added Pin To Net: NetName=SDA1 Pin=U2-15
Added Member To Class: ClassName=I2C_schematic Member=Component P1 Header 4
Added Member To Class: ClassName=I2C_schematic Member=Component P2 Header 4
