Removed Pin From Net: NetName=+VCC Pin=LCD1-15
Removed Pin From Net: NetName=+VCC Pin=P1_I2C-1
Removed Pin From Net: NetName=SDA1 Pin=P1_I2C-2
Removed Pin From Net: NetName=GND Pin=P1_I2C-3
Removed Pin From Net: NetName=+VCC Pin=P2_I2C-1
Removed Pin From Net: NetName=SDA1 Pin=P2_I2C-2
Removed Pin From Net: NetName=GND Pin=P2_I2C-3
Added Pin To Net: NetName=GND Pin=LCD1-16
Added Pin To Net: NetName=GND Pin=P1_I2C-1
Added Pin To Net: NetName=+VCC Pin=P1_I2C-2
Added Pin To Net: NetName=SDA1 Pin=P1_I2C-3
Added Pin To Net: NetName=GND Pin=P2_I2C-1
Added Pin To Net: NetName=+VCC Pin=P2_I2C-2
Added Pin To Net: NetName=SDA1 Pin=P2_I2C-3
Change Net Name : Old Net Name=RD New Net Name=RW
Change Net Name : Old Net Name=SCL1 New Net Name=SCL
Change Net Name : Old Net Name=SDA1 New Net Name=SDA
Added Pin To Net: NetName=NetLCD1_15 Pin=LCD1-15
Added Pin To Net: NetName=NetLCD1_15 Pin=Q1-3
Added Net: Name=NetLCD1_15
